Arguments: 
  /Users/Suah/.nvm/versions/node/v8.10.0/bin/node /usr/local/bin/yarn add -D rollup rollup-plugin-buble rollup-plugin-vue vue vue-template-compiler

PATH: 
  /Users/Suah/.nvm/versions/node/v8.10.0/bin:/usr/local/bin:/usr/bin:/bin:/usr/sbin:/sbin

Yarn version: 
  1.2.1

Node version: 
  8.10.0

Platform: 
  darwin x64

npm manifest: 
  {
    "name": "vue-date-input",
    "version": "1.0.0",
    "description": "Fully accessible date range input/picker",
    "repository": "https://gitlab.com/jinusean/vue-date-input",
    "author": "James C. Lee",
    "license": "MIT",
    "private": false,
    "main": "dist/index.umd.js",
    "module": "dist/index.esm.js",
    "unpkg": "dist/index.min.js",
    "browser": {
      "./sfc": "src/index.js"
    },
    "scripts": {
      "build": "npm run build:umd & npm run build:es & npm run build:unpkg",
      "build:umd": "rollup --config build/rollup.config.js --format umd --file dist/my-component.umd.js",
      "build:es": "rollup --config build/rollup.config.js --format es --file dist/my-component.esm.js",
      "build:unpkg": "rollup --config build/rollup.config.js --format iife --file dist/my-component.min.js"
    },
  }

yarn manifest: 
  No manifest

Lockfile: 
  # THIS IS AN AUTOGENERATED FILE. DO NOT EDIT THIS FILE DIRECTLY.
  # yarn lockfile v1

Trace: 
  SyntaxError: /Users/Suah/WebstormProjects/vue-date-input/package.json: Unexpected token } in JSON at position 794
      at JSON.parse (<anonymous>)
      at /usr/local/lib/node_modules/yarn/lib/cli.js:770:59
      at Generator.next (<anonymous>)
      at step (/usr/local/lib/node_modules/yarn/lib/cli.js:92:30)
      at /usr/local/lib/node_modules/yarn/lib/cli.js:103:13
      at <anonymous>
